0 info it worked if it ends with ok
1 verbose cli [ 'C:\\Program Files\\nodejs\\node.exe',
1 verbose cli   'C:\\Program Files\\nodejs\\node_modules\\npm\\bin\\npm-cli.js',
1 verbose cli   'start' ]
2 info using npm@3.7.3
3 info using node@v5.9.1
4 verbose run-script [ 'prestart', 'start', 'poststart' ]
5 info lifecycle realtime@0.0.0~prestart: realtime@0.0.0
6 silly lifecycle realtime@0.0.0~prestart: no script for prestart, continuing
7 info lifecycle realtime@0.0.0~start: realtime@0.0.0
8 verbose lifecycle realtime@0.0.0~start: unsafe-perm in lifecycle true
9 verbose lifecycle realtime@0.0.0~start: PATH: C:\Program Files\nodejs\node_modules\npm\bin\node-gyp-bin;C:\node\realtime\node_modules\.bin;C:\Program Files\nodejs;C:\Users\George Bentes\gcc\bin;C:\Users\George Bentes\gcc\libexec\gcc\x86_64-pc-mingw32\5.2.0;C:\MINGW\BIN;C:\PYTHON34\;C:\PYTHON34\SCRIPTS;C:\PROGRAM FILES\BROADCOM\BROADCOM 802.11 NETWORK ADAPTER;C:\PROGRAM FILES (X86)\INTEL\ICLS CLIENT\;C:\PROGRAM FILES\INTEL\ICLS CLIENT\;C:\WINDOWS\SYSTEM32;C:\WINDOWS;C:\WINDOWS\SYSTEM32\WBEM;C:\WINDOWS\SYSTEM32\WINDOWSPOWERSHELL\V1.0\;C:\PROGRAM FILES\INTEL\INTEL(R) MANAGEMENT ENGINE COMPONENTS\DAL;C:\PROGRAM FILES\INTEL\INTEL(R) MANAGEMENT ENGINE COMPONENTS\IPT;C:\PROGRAM FILES (X86)\INTEL\INTEL(R) MANAGEMENT ENGINE COMPONENTS\DAL;C:\PROGRAM FILES (X86)\INTEL\INTEL(R) MANAGEMENT ENGINE COMPONENTS\IPT;C:\PROGRAM FILES\SONY\VAIO IMPROVEMENT;C:\PROGRAM FILES (X86)\SONY\VAIO BIOS DATA TRANSFER UTILITY\;C:\PROGRAM FILES (X86)\SONY\VAIO STARTUP SETTING TOOL;C:\Program Files\Java\jdk1.8.0_11;C:\Program Files\Apache Software Foundation\apache-maven-3.3.3\bin;C:\Program Files\WIDCOMM\Bluetooth Soft;C:\Program Files\nodejs\;C:\Program Files\Git\cmd;C:\Program Files\MongoDB\Server\3.2\bin;C:\Program Files\Microsoft SQL Server\Client SDK\ODBC\110\Tools\Binn\;C:\Program Files (x86)\Microsoft SQL Server\120\Tools\Binn\;C:\Program Files\Microsoft SQL Server\120\Tools\Binn\;C:\Program Files\Microsoft SQL Server\120\DTS\Binn\;c:\Program Files (x86)\Microsoft SQL Server\120\Tools\Binn\ManagementStudio\;c:\Program Files (x86)\Microsoft SQL Server\120\DTS\Binn\;C:\wamp64\bin\php\php5.6.16;C:\ProgramData\ComposerSetup\bin;C:\Program Files\Microsoft SQL Server\130\Tools\Binn\;C:\Program Files (x86)\Skype\Phone\;C:\Program Files (x86)\Heroku\bin;C:\Program Files (x86)\Windows Kits\10\Windows Performance Toolkit\;C:\Program Files\dotnet\;C:\Program Files (x86)\Brackets\command;C:\Users\George Bentes\.dnx\runtimes\dnx-clr-win-x64.1.0.0-rc1-update2\bin;C:\Ruby22-x64\bin;C:\Users\George Bentes\AppData\Local\atom\bin;C:\Users\George Bentes\AppData\Roaming\npm;C:\Program Files (x86)\Microsoft VS Code\bin;C:\Users\George Bentes\AppData\Roaming\Composer\vendor\bin
10 verbose lifecycle realtime@0.0.0~start: CWD: C:\node\realtime
11 silly lifecycle realtime@0.0.0~start: Args: [ '/d /s /c', 'node ./bin/www' ]
12 silly lifecycle realtime@0.0.0~start: Returned: code: 1  signal: null
13 info lifecycle realtime@0.0.0~start: Failed to exec start script
14 verbose stack Error: realtime@0.0.0 start: `node ./bin/www`
14 verbose stack Exit status 1
14 verbose stack     at EventEmitter.<anonymous> (C:\Program Files\nodejs\node_modules\npm\lib\utils\lifecycle.js:239:16)
14 verbose stack     at emitTwo (events.js:100:13)
14 verbose stack     at EventEmitter.emit (events.js:185:7)
14 verbose stack     at ChildProcess.<anonymous> (C:\Program Files\nodejs\node_modules\npm\lib\utils\spawn.js:24:14)
14 verbose stack     at emitTwo (events.js:100:13)
14 verbose stack     at ChildProcess.emit (events.js:185:7)
14 verbose stack     at maybeClose (internal/child_process.js:850:16)
14 verbose stack     at Process.ChildProcess._handle.onexit (internal/child_process.js:215:5)
15 verbose pkgid realtime@0.0.0
16 verbose cwd C:\node\realtime
17 error Windows_NT 10.0.10586
18 error argv "C:\\Program Files\\nodejs\\node.exe" "C:\\Program Files\\nodejs\\node_modules\\npm\\bin\\npm-cli.js" "start"
19 error node v5.9.1
20 error npm  v3.7.3
21 error code ELIFECYCLE
22 error realtime@0.0.0 start: `node ./bin/www`
22 error Exit status 1
23 error Failed at the realtime@0.0.0 start script 'node ./bin/www'.
23 error Make sure you have the latest version of node.js and npm installed.
23 error If you do, this is most likely a problem with the realtime package,
23 error not with npm itself.
23 error Tell the author that this fails on your system:
23 error     node ./bin/www
23 error You can get information on how to open an issue for this project with:
23 error     npm bugs realtime
23 error Or if that isn't available, you can get their info via:
23 error     npm owner ls realtime
23 error There is likely additional logging output above.
24 verbose exit [ 1, true ]
